JVM info: Azul Systems, Inc. - 23.0.1 - 23.0.1+11
java.net.preferIPv4Stack=true
Current Time: 17/12/2024 20:18:24
Host: files.minecraftforge.net [104.21.58.163, 172.67.161.211, 2606:4700:3036:0:0:0:ac43:a1d3, 2606:4700:3032:0:0:0:6815:3aa3]
Host: maven.minecraftforge.net [104.21.58.163, 172.67.161.211, 2606:4700:3036:0:0:0:ac43:a1d3, 2606:4700:3032:0:0:0:6815:3aa3]
Host: libraries.minecraft.net [13.107.246.41, 2620:1ec:bdf:0:0:0:0:41]
Host: launchermeta.mojang.com [13.107.246.41, 2620:1ec:bdf:0:0:0:0:41]
Host: piston-meta.mojang.com [13.107.246.41, 2620:1ec:bdf:0:0:0:0:41]
Host: sessionserver.mojang.com [13.107.246.41, 2620:1ec:bdf:0:0:0:0:41]
Host: authserver.mojang.com [Unknown]
Target Directory: /home/ruinedmango/.calcium/packs/RLCraft
Extracting json
Considering minecraft client jar
Downloading libraries
Found 0 additional library directories
Considering library net.minecraftforge:forge:1.12.2-14.23.5.2860
  File exists: Checksum validated.
Considering library org.ow2.asm:asm-debug-all:5.2
  File exists: Checksum validated.
Considering library net.minecraft:launchwrapper:1.12
  File exists: Checksum validated.
Considering library org.jline:jline:3.5.1
  File exists: Checksum validated.
Considering library com.typesafe.akka:akka-actor_2.11:2.3.3
  File exists: Checksum validated.
Considering library com.typesafe:config:1.2.1
  File exists: Checksum validated.
Considering library org.scala-lang:scala-actors-migration_2.11:1.1.0
  File exists: Checksum validated.
Considering library org.scala-lang:scala-compiler:2.11.1
  File exists: Checksum validated.
Considering library org.scala-lang.plugins:scala-continuations-library_2.11:1.0.2_mc
  File exists: Checksum validated.
Considering library org.scala-lang.plugins:scala-continuations-plugin_2.11.1:1.0.2_mc
  File exists: Checksum validated.
Considering library org.scala-lang:scala-library:2.11.1
  File exists: Checksum validated.
Considering library org.scala-lang:scala-parser-combinators_2.11:1.0.1
  File exists: Checksum validated.
Considering library org.scala-lang:scala-reflect:2.11.1
  File exists: Checksum validated.
Considering library org.scala-lang:scala-swing_2.11:1.0.1
  File exists: Checksum validated.
Considering library org.scala-lang:scala-xml_2.11:1.0.2
  File exists: Checksum validated.
Considering library lzma:lzma:0.0.1
  File exists: Checksum validated.
Considering library java3d:vecmath:1.5.2
  File exists: Checksum validated.
Considering library net.sf.trove4j:trove4j:3.0.3
  File exists: Checksum validated.
Considering library org.apache.maven:maven-artifact:3.5.3
  File exists: Checksum validated.
Considering library net.sf.jopt-simple:jopt-simple:5.0.3
  File exists: Checksum validated.
Considering library org.apache.logging.log4j:log4j-api:2.15.0
  File exists: Checksum validated.
Considering library org.apache.logging.log4j:log4j-core:2.15.0
  File exists: Checksum validated.
Building Processors
Injecting profile
Successfully installed client into launcher.
You can delete this installer file now if you wish
Doned
GFJSGN4Z
org.to2mbn.jmccc.auth.AuthenticationException: org.apache.hc.client5.http.HttpResponseException: status code: 403, reason phrase: Forbidden
	at jmccc.microsoft.authenticator@3.1.4/jmccc.microsoft.core.MicrosoftAuthenticationController.getMinecraftToken(MicrosoftAuthenticationController.java:82)
	at jmccc.microsoft.authenticator@3.1.4/jmccc.microsoft.MicrosoftAuthenticator.login(MicrosoftAuthenticator.java:76)
	at com.ruinedmango.CalciumLauncher/com.ruinedmango.CalciumLauncher.CalciumAuth.run(CalciumAuth.java:44)
Caused by: org.apache.hc.client5.http.HttpResponseException: status code: 403, reason phrase: Forbidden
	at jmccc.microsoft.authenticator@3.1.4/jmccc.microsoft.core.JsonResponseHander.handleResponse(JsonResponseHander.java:37)
	at org.apache.hc.client5.http.fluent.Response.handleResponse(Response.java:102)
	at jmccc.microsoft.authenticator@3.1.4/jmccc.microsoft.core.MicrosoftAuthenticationService.getMinecraftToken(MicrosoftAuthenticationService.java:98)
	at jmccc.microsoft.authenticator@3.1.4/jmccc.microsoft.core.MicrosoftAuthenticationController.getMinecraftToken(MicrosoftAuthenticationController.java:78)
	... 2 more
Exception in thread "Thread-2" 
java.lang.NullPointerException: Cannot invoke "jmccc.microsoft.MicrosoftAuthenticator.auth()" because "auth" is null
	at com.ruinedmango.CalciumLauncher/com.ruinedmango.CalciumLauncher.CalciumAuth.run(CalciumAuth.java:50)
